<?xml version="1.0" encoding="UTF-8"?>
<!-- Generated by org.testng.reporters.JUnitXMLReporter -->
<testsuite ignored="1" hostname="Sreenivas-Lukka" failures="0" tests="2" name="Test" time="10.818" errors="0" timestamp="2025-05-20T09:40:52 IST">
  <testcase classname="testCases.TC002_LoginTest" name="verify_Login" time="1.747"/>
  <testcase classname="testCases.TC001_AccountRegistrationTest" name="verify_account_registration" time="2.37"/>
  <testcase classname="testCases.TC003_LoginDDT" name="verify_loginDDT" time="0.0">
    <ignored/>
  </testcase> <!-- verify_loginDDT -->
</testsuite> <!-- Test -->
