<?xml version="1.0" encoding="UTF-8"?>
<testng-results ignored="0" total="2" passed="2" failed="0" skipped="0">
  <reporter-output>
  </reporter-output>
  <suite started-at="2025-05-20T09:40:40 IST" name="mySuite" finished-at="2025-05-20T09:40:51 IST" duration-ms="10818">
    <groups>
      <group name="Master">
        <method signature="TC001_AccountRegistrationTest.verify_account_registration()[pri:0, instance:testCases.TC001_AccountRegistrationTest@7db12bb6]" name="verify_account_registration" class="testCases.TC001_AccountRegistrationTest"/>
        <method signature="TC002_LoginTest.verify_Login()[pri:0, instance:testCases.TC002_LoginTest@6bd61f98]" name="verify_Login" class="testCases.TC002_LoginTest"/>
      </group> <!-- Master -->
      <group name="Sanity">
        <method signature="TC002_LoginTest.verify_Login()[pri:0, instance:testCases.TC002_LoginTest@6bd61f98]" name="verify_Login" class="testCases.TC002_LoginTest"/>
      </group> <!-- Sanity -->
      <group name="Regression">
        <method signature="TC001_AccountRegistrationTest.verify_account_registration()[pri:0, instance:testCases.TC001_AccountRegistrationTest@7db12bb6]" name="verify_account_registration" class="testCases.TC001_AccountRegistrationTest"/>
      </group> <!-- Regression -->
    </groups>
    <test started-at="2025-05-20T09:40:40 IST" name="Test" finished-at="2025-05-20T09:40:51 IST" duration-ms="10818">
      <class name="testCases.TC002_LoginTest">
        <test-method is-config="true" signature="setup(java.lang.String)[pri:0, instance:testCases.TC002_LoginTest@6bd61f98]" started-at="2025-05-20T09:40:40 IST" name="setup" finished-at="2025-05-20T09:40:44 IST" duration-ms="3480" status="PASS">
          <params>
            <param index="0">
              <value>
                <![CDATA[chrome]]>
              </value>
            </param>
          </params>
          <reporter-output>
          </reporter-output>
        </test-method> <!-- setup -->
        <test-method signature="verify_Login()[pri:0, instance:testCases.TC002_LoginTest@6bd61f98]" started-at="2025-05-20T09:40:44 IST" name="verify_Login" finished-at="2025-05-20T09:40:46 IST" duration-ms="1747" status="PASS">
          <reporter-output>
          </reporter-output>
        </test-method> <!-- verify_Login -->
        <test-method is-config="true" signature="tearDown()[pri:0, instance:testCases.TC002_LoginTest@6bd61f98]" started-at="2025-05-20T09:40:46 IST" name="tearDown" finished-at="2025-05-20T09:40:46 IST" duration-ms="176" status="PASS">
          <reporter-output>
          </reporter-output>
        </test-method> <!-- tearDown -->
      </class> <!-- testCases.TC002_LoginTest -->
      <class name="testCases.TC001_AccountRegistrationTest">
        <test-method is-config="true" signature="setup(java.lang.String)[pri:0, instance:testCases.TC001_AccountRegistrationTest@7db12bb6]" started-at="2025-05-20T09:40:46 IST" name="setup" finished-at="2025-05-20T09:40:49 IST" duration-ms="2657" status="PASS">
          <params>
            <param index="0">
              <value>
                <![CDATA[chrome]]>
              </value>
            </param>
          </params>
          <reporter-output>
          </reporter-output>
        </test-method> <!-- setup -->
        <test-method signature="verify_account_registration()[pri:0, instance:testCases.TC001_AccountRegistrationTest@7db12bb6]" started-at="2025-05-20T09:40:49 IST" name="verify_account_registration" finished-at="2025-05-20T09:40:51 IST" duration-ms="2370" status="PASS">
          <reporter-output>
          </reporter-output>
        </test-method> <!-- verify_account_registration -->
        <test-method is-config="true" signature="tearDown()[pri:0, instance:testCases.TC001_AccountRegistrationTest@7db12bb6]" started-at="2025-05-20T09:40:51 IST" name="tearDown" finished-at="2025-05-20T09:40:51 IST" duration-ms="153" status="PASS">
          <reporter-output>
          </reporter-output>
        </test-method> <!-- tearDown -->
      </class> <!-- testCases.TC001_AccountRegistrationTest -->
    </test> <!-- Test -->
  </suite> <!-- mySuite -->
</testng-results>
