<?xml version="1.0" encoding="UTF-8"?>
<testng-results ignored="0" total="1" passed="1" failed="0" skipped="0">
  <reporter-output>
  </reporter-output>
  <suite started-at="2025-05-19T11:20:17 IST" name="Failed suite [mySuite]" finished-at="2025-05-19T11:20:25 IST" duration-ms="7866">
    <groups>
      <group name="Master">
        <method signature="TC002_LoginTest.verify_Login()[pri:0, instance:testCases.TC002_LoginTest@7d0b7e3c]" name="verify_Login" class="testCases.TC002_LoginTest"/>
      </group> <!-- Master -->
      <group name="Sanity">
        <method signature="TC002_LoginTest.verify_Login()[pri:0, instance:testCases.TC002_LoginTest@7d0b7e3c]" name="verify_Login" class="testCases.TC002_LoginTest"/>
      </group> <!-- Sanity -->
    </groups>
    <test started-at="2025-05-19T11:20:17 IST" name="Test(failed)" finished-at="2025-05-19T11:20:25 IST" duration-ms="7866">
      <class name="testCases.TC002_LoginTest">
        <test-method is-config="true" signature="setup(java.lang.String)[pri:0, instance:testCases.TC002_LoginTest@7d0b7e3c]" started-at="2025-05-19T11:20:17 IST" name="setup" finished-at="2025-05-19T11:20:22 IST" duration-ms="4450" status="PASS">
          <params>
            <param index="0">
              <value>
                <![CDATA[chrome]]>
              </value>
            </param>
          </params>
          <reporter-output>
          </reporter-output>
        </test-method> <!-- setup -->
        <test-method signature="verify_Login()[pri:0, instance:testCases.TC002_LoginTest@7d0b7e3c]" started-at="2025-05-19T11:20:22 IST" name="verify_Login" finished-at="2025-05-19T11:20:24 IST" duration-ms="2563" status="PASS">
          <reporter-output>
          </reporter-output>
        </test-method> <!-- verify_Login -->
        <test-method is-config="true" signature="tearDown()[pri:0, instance:testCases.TC002_LoginTest@7d0b7e3c]" started-at="2025-05-19T11:20:24 IST" name="tearDown" finished-at="2025-05-19T11:20:25 IST" duration-ms="308" status="PASS">
          <reporter-output>
          </reporter-output>
        </test-method> <!-- tearDown -->
      </class> <!-- testCases.TC002_LoginTest -->
    </test> <!-- Test(failed) -->
  </suite> <!-- Failed suite [mySuite] -->
</testng-results>
